#! /usr/bin/vvp
:ivl_version "10.3 (stable)";
:ivl_delay_selection "TYPICAL";
:vpi_time_precision - 12;
:vpi_module "system";
:vpi_module "vhdl_sys";
:vpi_module "v2005_math";
:vpi_module "va_math";
S_0x561fe7d050c0 .scope module, "top" "top" 2 2;
 .timescale -9 -12;
v0x561fe7d40590_0 .var "Din", 7 0;
v0x561fe7d40670_0 .net "Dout", 7 0, L_0x561fe7d42580;  1 drivers
v0x561fe7d40710 .array "FMEM", 15 0, 7 0;
v0x561fe7d407b0_0 .net "Fempty", 0 0, v0x561fe7d3eb10_0;  1 drivers
v0x561fe7d40850_0 .var "Fempty0", 0 0;
v0x561fe7d408f0_0 .net "Ffull", 0 0, v0x561fe7d3ebd0_0;  1 drivers
v0x561fe7d40990_0 .var "Ffull0", 0 0;
v0x561fe7d40a30_0 .net "NRptr", 3 0, L_0x561fe7d414d0;  1 drivers
v0x561fe7d40af0_0 .net "NWptr", 3 0, L_0x561fe7d413d0;  1 drivers
v0x561fe7d40bd0_0 .var "Ren", 0 0;
v0x561fe7d40c70_0 .var "Rptr", 3 0;
v0x561fe7d40d30_0 .var "Wen", 0 0;
v0x561fe7d40e00_0 .var "Wptr", 3 0;
L_0x7fe8b3ac1018 .functor BUFT 1, C4<0001>, C4<0>, C4<0>, C4<0>;
v0x561fe7d40ec0_0 .net/2u *"_s0", 3 0, L_0x7fe8b3ac1018;  1 drivers
L_0x7fe8b3ac1060 .functor BUFT 1, C4<0001>, C4<0>, C4<0>, C4<0>;
v0x561fe7d40fa0_0 .net/2u *"_s4", 3 0, L_0x7fe8b3ac1060;  1 drivers
v0x561fe7d41080_0 .var "ck", 0 0;
v0x561fe7d41150_0 .var "flag", 0 0;
v0x561fe7d411f0_0 .var "obuf", 7 0;
v0x561fe7d412d0_0 .var "rst", 0 0;
E_0x561fe7d0cde0 .event negedge, v0x561fe7d3f430_0;
L_0x561fe7d413d0 .arith/sum 4, v0x561fe7d40e00_0, L_0x7fe8b3ac1018;
L_0x561fe7d414d0 .arith/sum 4, v0x561fe7d40c70_0, L_0x7fe8b3ac1060;
S_0x561fe7cfc7a0 .scope module, "fifo" "fifo" 2 20, 3 1 0, S_0x561fe7d050c0;
 .timescale 0 0;
    .port_info 0 /INPUT 8 "Din"
    .port_info 1 /OUTPUT 8 "Dout"
    .port_info 2 /INPUT 1 "Wen"
    .port_info 3 /INPUT 1 "Ren"
    .port_info 4 /INPUT 1 "rst"
    .port_info 5 /INPUT 1 "clk"
    .port_info 6 /OUTPUT 1 "Fempty"
    .port_info 7 /OUTPUT 1 "Ffull"
v0x561fe7d3e870_0 .array/port v0x561fe7d3e870, 0;
L_0x561fe7cfc210 .functor BUFZ 8, v0x561fe7d3e870_0, C4<00000000>, C4<00000000>, C4<00000000>;
v0x561fe7d3e870_1 .array/port v0x561fe7d3e870, 1;
L_0x561fe7d41650 .functor BUFZ 8, v0x561fe7d3e870_1, C4<00000000>, C4<00000000>, C4<00000000>;
v0x561fe7d3e870_2 .array/port v0x561fe7d3e870, 2;
L_0x561fe7d41720 .functor BUFZ 8, v0x561fe7d3e870_2, C4<00000000>, C4<00000000>, C4<00000000>;
v0x561fe7d3e870_3 .array/port v0x561fe7d3e870, 3;
L_0x561fe7d417f0 .functor BUFZ 8, v0x561fe7d3e870_3, C4<00000000>, C4<00000000>, C4<00000000>;
v0x561fe7d3e870_4 .array/port v0x561fe7d3e870, 4;
L_0x561fe7d418f0 .functor BUFZ 8, v0x561fe7d3e870_4, C4<00000000>, C4<00000000>, C4<00000000>;
v0x561fe7d3e870_5 .array/port v0x561fe7d3e870, 5;
L_0x561fe7d419c0 .functor BUFZ 8, v0x561fe7d3e870_5, C4<00000000>, C4<00000000>, C4<00000000>;
v0x561fe7d3e870_6 .array/port v0x561fe7d3e870, 6;
L_0x561fe7d41ad0 .functor BUFZ 8, v0x561fe7d3e870_6, C4<00000000>, C4<00000000>, C4<00000000>;
v0x561fe7d3e870_7 .array/port v0x561fe7d3e870, 7;
L_0x561fe7d41b70 .functor BUFZ 8, v0x561fe7d3e870_7, C4<00000000>, C4<00000000>, C4<00000000>;
v0x561fe7d3e870_8 .array/port v0x561fe7d3e870, 8;
L_0x561fe7d41c90 .functor BUFZ 8, v0x561fe7d3e870_8, C4<00000000>, C4<00000000>, C4<00000000>;
v0x561fe7d3e870_9 .array/port v0x561fe7d3e870, 9;
L_0x561fe7d41d60 .functor BUFZ 8, v0x561fe7d3e870_9, C4<00000000>, C4<00000000>, C4<00000000>;
v0x561fe7d3e870_10 .array/port v0x561fe7d3e870, 10;
L_0x561fe7d41e90 .functor BUFZ 8, v0x561fe7d3e870_10, C4<00000000>, C4<00000000>, C4<00000000>;
v0x561fe7d3e870_11 .array/port v0x561fe7d3e870, 11;
L_0x561fe7d41f60 .functor BUFZ 8, v0x561fe7d3e870_11, C4<00000000>, C4<00000000>, C4<00000000>;
v0x561fe7d3e870_12 .array/port v0x561fe7d3e870, 12;
L_0x561fe7d420a0 .functor BUFZ 8, v0x561fe7d3e870_12, C4<00000000>, C4<00000000>, C4<00000000>;
v0x561fe7d3e870_13 .array/port v0x561fe7d3e870, 13;
L_0x561fe7d42170 .functor BUFZ 8, v0x561fe7d3e870_13, C4<00000000>, C4<00000000>, C4<00000000>;
v0x561fe7d3e870_14 .array/port v0x561fe7d3e870, 14;
L_0x561fe7d42030 .functor BUFZ 8, v0x561fe7d3e870_14, C4<00000000>, C4<00000000>, C4<00000000>;
v0x561fe7d3e870_15 .array/port v0x561fe7d3e870, 15;
L_0x561fe7d42320 .functor BUFZ 8, v0x561fe7d3e870_15, C4<00000000>, C4<00000000>, C4<00000000>;
L_0x561fe7d42580 .functor BUFZ 8, v0x561fe7d402f0_0, C4<00000000>, C4<00000000>, C4<00000000>;
v0x561fe7d20940_0 .net "Din", 7 0, v0x561fe7d40590_0;  1 drivers
v0x561fe7d22890_0 .net "Dout", 7 0, L_0x561fe7d42580;  alias, 1 drivers
v0x561fe7d3e870 .array "FMEM", 15 0, 7 0;
v0x561fe7d3eb10_0 .var "Fempty", 0 0;
v0x561fe7d3ebd0_0 .var "Ffull", 0 0;
v0x561fe7d3ece0_0 .net "NRptr", 3 0, L_0x561fe7d42650;  1 drivers
v0x561fe7d3edc0_0 .net "NWptr", 3 0, L_0x561fe7d424e0;  1 drivers
v0x561fe7d3eea0_0 .net "Ren", 0 0, v0x561fe7d40bd0_0;  1 drivers
v0x561fe7d3ef60_0 .var "Rptr", 3 0;
v0x561fe7d3f0d0_0 .net "Wen", 0 0, v0x561fe7d40d30_0;  1 drivers
v0x561fe7d3f190_0 .var "Wptr", 3 0;
L_0x7fe8b3ac10a8 .functor BUFT 1, C4<0001>, C4<0>, C4<0>, C4<0>;
v0x561fe7d3f270_0 .net/2u *"_s48", 3 0, L_0x7fe8b3ac10a8;  1 drivers
L_0x7fe8b3ac10f0 .functor BUFT 1, C4<0001>, C4<0>, C4<0>, C4<0>;
v0x561fe7d3f350_0 .net/2u *"_s52", 3 0, L_0x7fe8b3ac10f0;  1 drivers
v0x561fe7d3f430_0 .net "clk", 0 0, v0x561fe7d41080_0;  1 drivers
v0x561fe7d3f4f0_0 .net "f0", 7 0, L_0x561fe7cfc210;  1 drivers
v0x561fe7d3f5d0_0 .net "f1", 7 0, L_0x561fe7d41650;  1 drivers
v0x561fe7d3f6b0_0 .net "f10", 7 0, L_0x561fe7d41e90;  1 drivers
v0x561fe7d3f790_0 .net "f11", 7 0, L_0x561fe7d41f60;  1 drivers
v0x561fe7d3f870_0 .net "f12", 7 0, L_0x561fe7d420a0;  1 drivers
v0x561fe7d3f950_0 .net "f13", 7 0, L_0x561fe7d42170;  1 drivers
v0x561fe7d3fa30_0 .net "f14", 7 0, L_0x561fe7d42030;  1 drivers
v0x561fe7d3fb10_0 .net "f15", 7 0, L_0x561fe7d42320;  1 drivers
v0x561fe7d3fbf0_0 .net "f2", 7 0, L_0x561fe7d41720;  1 drivers
v0x561fe7d3fcd0_0 .net "f3", 7 0, L_0x561fe7d417f0;  1 drivers
v0x561fe7d3fdb0_0 .net "f4", 7 0, L_0x561fe7d418f0;  1 drivers
v0x561fe7d3fe90_0 .net "f5", 7 0, L_0x561fe7d419c0;  1 drivers
v0x561fe7d3ff70_0 .net "f6", 7 0, L_0x561fe7d41ad0;  1 drivers
v0x561fe7d40050_0 .net "f7", 7 0, L_0x561fe7d41b70;  1 drivers
v0x561fe7d40130_0 .net "f8", 7 0, L_0x561fe7d41c90;  1 drivers
v0x561fe7d40210_0 .net "f9", 7 0, L_0x561fe7d41d60;  1 drivers
v0x561fe7d402f0_0 .var "obuf", 7 0;
v0x561fe7d403d0_0 .net "rst", 0 0, v0x561fe7d412d0_0;  1 drivers
E_0x561fe7d0cf10 .event posedge, v0x561fe7d3f430_0;
L_0x561fe7d424e0 .arith/sum 4, v0x561fe7d3f190_0, L_0x7fe8b3ac10a8;
L_0x561fe7d42650 .arith/sum 4, v0x561fe7d3ef60_0, L_0x7fe8b3ac10f0;
    .scope S_0x561fe7cfc7a0;
T_0 ;
    %wait E_0x561fe7d0cf10;
    %load/vec4 v0x561fe7d403d0_0;
    %flag_set/vec4 8;
    %jmp/0xz  T_0.0, 8;
    %load/vec4 v0x561fe7d3f0d0_0;
    %pad/u 32;
    %cmpi/e 1, 0, 32;
    %jmp/0xz  T_0.2, 4;
    %load/vec4 v0x561fe7d3f190_0;
    %pad/u 32;
    %load/vec4 v0x561fe7d3ef60_0;
    %pad/u 32;
    %subi 1, 0, 32;
    %cmp/e;
    %flag_get/vec4 4;
    %inv;
    %load/vec4 v0x561fe7d3ebd0_0;
    %pad/u 32;
    %pushi/vec4 1, 0, 32;
    %cmp/e;
    %flag_get/vec4 4;
    %inv;
    %and;
    %flag_set/vec4 8;
    %jmp/0xz  T_0.4, 8;
    %load/vec4 v0x561fe7d20940_0;
    %load/vec4 v0x561fe7d3f190_0;
    %pad/u 6;
    %ix/vec4 3;
    %ix/load 4, 0, 0; Constant delay
    %assign/vec4/a/d v0x561fe7d3e870, 0, 4;
    %pushi/vec4 0, 0, 1;
    %assign/vec4 v0x561fe7d3eb10_0, 0;
    %load/vec4 v0x561fe7d3edc0_0;
    %assign/vec4 v0x561fe7d3f190_0, 0;
    %jmp T_0.5;
T_0.4 ;
    %load/vec4 v0x561fe7d3ebd0_0;
    %pad/u 32;
    %pushi/vec4 1, 0, 32;
    %cmp/e;
    %flag_get/vec4 4;
    %inv;
    %load/vec4 v0x561fe7d3f190_0;
    %pad/u 32;
    %load/vec4 v0x561fe7d3ef60_0;
    %pad/u 32;
    %subi 1, 0, 32;
    %cmp/e;
    %flag_get/vec4 4;
    %and;
    %flag_set/vec4 8;
    %jmp/0xz  T_0.6, 8;
    %load/vec4 v0x561fe7d20940_0;
    %load/vec4 v0x561fe7d3f190_0;
    %pad/u 6;
    %ix/vec4 3;
    %ix/load 4, 0, 0; Constant delay
    %assign/vec4/a/d v0x561fe7d3e870, 0, 4;
    %pushi/vec4 0, 0, 1;
    %assign/vec4 v0x561fe7d3eb10_0, 0;
    %load/vec4 v0x561fe7d3edc0_0;
    %assign/vec4 v0x561fe7d3f190_0, 0;
    %pushi/vec4 1, 0, 1;
    %assign/vec4 v0x561fe7d3ebd0_0, 0;
T_0.6 ;
T_0.5 ;
    %jmp T_0.3;
T_0.2 ;
    %load/vec4 v0x561fe7d3eea0_0;
    %pad/u 32;
    %cmpi/e 1, 0, 32;
    %jmp/0xz  T_0.8, 4;
    %load/vec4 v0x561fe7d3f190_0;
    %pad/u 32;
    %subi 1, 0, 32;
    %load/vec4 v0x561fe7d3ef60_0;
    %pad/u 32;
    %cmp/e;
    %flag_get/vec4 4;
    %inv;
    %load/vec4 v0x561fe7d3eb10_0;
    %pad/u 32;
    %pushi/vec4 1, 0, 32;
    %cmp/e;
    %flag_get/vec4 4;
    %inv;
    %and;
    %flag_set/vec4 8;
    %jmp/0xz  T_0.10, 8;
    %load/vec4 v0x561fe7d3ef60_0;
    %pad/u 6;
    %ix/vec4 4;
    %load/vec4a v0x561fe7d3e870, 4;
    %assign/vec4 v0x561fe7d402f0_0, 0;
    %load/vec4 v0x561fe7d3ece0_0;
    %assign/vec4 v0x561fe7d3ef60_0, 0;
    %pushi/vec4 0, 0, 1;
    %assign/vec4 v0x561fe7d3ebd0_0, 0;
    %jmp T_0.11;
T_0.10 ;
    %load/vec4 v0x561fe7d3eb10_0;
    %pad/u 32;
    %pushi/vec4 1, 0, 32;
    %cmp/e;
    %flag_get/vec4 4;
    %inv;
    %load/vec4 v0x561fe7d3f190_0;
    %pad/u 32;
    %subi 1, 0, 32;
    %load/vec4 v0x561fe7d3ef60_0;
    %pad/u 32;
    %cmp/e;
    %flag_get/vec4 4;
    %and;
    %flag_set/vec4 8;
    %jmp/0xz  T_0.12, 8;
    %load/vec4 v0x561fe7d3ef60_0;
    %pad/u 6;
    %ix/vec4 4;
    %load/vec4a v0x561fe7d3e870, 4;
    %assign/vec4 v0x561fe7d402f0_0, 0;
    %load/vec4 v0x561fe7d3ece0_0;
    %assign/vec4 v0x561fe7d3ef60_0, 0;
    %pushi/vec4 0, 0, 1;
    %assign/vec4 v0x561fe7d3ebd0_0, 0;
    %pushi/vec4 1, 0, 1;
    %assign/vec4 v0x561fe7d3eb10_0, 0;
T_0.12 ;
T_0.11 ;
T_0.8 ;
T_0.3 ;
    %jmp T_0.1;
T_0.0 ;
    %pushi/vec4 1, 0, 1;
    %assign/vec4 v0x561fe7d3eb10_0, 0;
    %pushi/vec4 0, 0, 1;
    %assign/vec4 v0x561fe7d3ebd0_0, 0;
    %pushi/vec4 0, 0, 4;
    %assign/vec4 v0x561fe7d3f190_0, 0;
    %pushi/vec4 0, 0, 4;
    %assign/vec4 v0x561fe7d3ef60_0, 0;
T_0.1 ;
    %jmp T_0;
    .thread T_0;
    .scope S_0x561fe7d050c0;
T_1 ;
    %pushi/vec4 0, 0, 1;
    %store/vec4 v0x561fe7d41080_0, 0, 1;
    %pushi/vec4 1, 0, 1;
    %store/vec4 v0x561fe7d412d0_0, 0, 1;
    %vpi_call 2 25 "$dumpfile", "fifo.vcd" {0 0 0};
    %vpi_call 2 26 "$dumpvars" {0 0 0};
    %delay 20000, 0;
    %pushi/vec4 0, 0, 1;
    %store/vec4 v0x561fe7d412d0_0, 0, 1;
    %delay 50000, 0;
    %pushi/vec4 1, 0, 1;
    %store/vec4 v0x561fe7d412d0_0, 0, 1;
    %delay 10000000, 0;
    %vpi_call 2 30 "$display", "OK\012" {0 0 0};
    %vpi_call 2 31 "$finish" {0 0 0};
    %end;
    .thread T_1;
    .scope S_0x561fe7d050c0;
T_2 ;
    %wait E_0x561fe7d0cde0;
    %vpi_func 2 35 "$random" 32 {0 0 0};
    %pad/s 1;
    %store/vec4 v0x561fe7d41150_0, 0, 1;
    %load/vec4 v0x561fe7d41150_0;
    %pad/u 32;
    %cmpi/e 1, 0, 32;
    %jmp/0xz  T_2.0, 4;
    %pushi/vec4 1, 0, 1;
    %assign/vec4 v0x561fe7d40d30_0, 0;
    %pushi/vec4 0, 0, 1;
    %assign/vec4 v0x561fe7d40bd0_0, 0;
    %vpi_func 2 39 "$random" 32 {0 0 0};
    %pad/s 8;
    %store/vec4 v0x561fe7d40590_0, 0, 8;
    %jmp T_2.1;
T_2.0 ;
    %pushi/vec4 0, 0, 1;
    %assign/vec4 v0x561fe7d40d30_0, 0;
    %pushi/vec4 1, 0, 1;
    %assign/vec4 v0x561fe7d40bd0_0, 0;
T_2.1 ;
    %jmp T_2;
    .thread T_2;
    .scope S_0x561fe7d050c0;
T_3 ;
    %delay 10000, 0;
    %load/vec4 v0x561fe7d41080_0;
    %inv;
    %assign/vec4 v0x561fe7d41080_0, 0;
    %jmp T_3;
    .thread T_3;
    .scope S_0x561fe7d050c0;
T_4 ;
    %wait E_0x561fe7d0cf10;
    %load/vec4 v0x561fe7d40850_0;
    %load/vec4 v0x561fe7d407b0_0;
    %cmp/ne;
    %flag_mov 8, 4;
    %load/vec4 v0x561fe7d40990_0;
    %load/vec4 v0x561fe7d408f0_0;
    %cmp/ne;
    %flag_or 4, 8;
    %flag_mov 8, 4;
    %load/vec4 v0x561fe7d411f0_0;
    %load/vec4 v0x561fe7d40670_0;
    %cmp/ne;
    %flag_or 4, 8;
    %jmp/0xz  T_4.0, 4;
    %vpi_call 2 52 "$finish" {0 0 0};
T_4.0 ;
    %jmp T_4;
    .thread T_4;
    .scope S_0x561fe7d050c0;
T_5 ;
    %wait E_0x561fe7d0cf10;
    %load/vec4 v0x561fe7d412d0_0;
    %nor/r;
    %flag_set/vec4 8;
    %jmp/0xz  T_5.0, 8;
    %pushi/vec4 0, 0, 4;
    %assign/vec4 v0x561fe7d40e00_0, 0;
    %pushi/vec4 0, 0, 4;
    %assign/vec4 v0x561fe7d40c70_0, 0;
    %pushi/vec4 1, 0, 1;
    %assign/vec4 v0x561fe7d40850_0, 0;
    %pushi/vec4 0, 0, 1;
    %assign/vec4 v0x561fe7d40990_0, 0;
    %jmp T_5.1;
T_5.0 ;
    %load/vec4 v0x561fe7d40bd0_0;
    %pad/u 32;
    %pushi/vec4 1, 0, 32;
    %cmp/e;
    %flag_get/vec4 4;
    %load/vec4 v0x561fe7d40850_0;
    %pad/u 32;
    %pushi/vec4 1, 0, 32;
    %cmp/e;
    %flag_get/vec4 4;
    %inv;
    %and;
    %flag_set/vec4 8;
    %jmp/0xz  T_5.2, 8;
    %load/vec4 v0x561fe7d40c70_0;
    %pad/u 6;
    %ix/vec4 4;
    %load/vec4a v0x561fe7d40710, 4;
    %assign/vec4 v0x561fe7d411f0_0, 0;
    %load/vec4 v0x561fe7d40a30_0;
    %assign/vec4 v0x561fe7d40c70_0, 0;
    %pushi/vec4 0, 0, 1;
    %assign/vec4 v0x561fe7d40990_0, 0;
    %load/vec4 v0x561fe7d40a30_0;
    %load/vec4 v0x561fe7d40e00_0;
    %cmp/e;
    %jmp/0xz  T_5.4, 4;
    %pushi/vec4 1, 0, 1;
    %assign/vec4 v0x561fe7d40850_0, 0;
    %jmp T_5.5;
T_5.4 ;
    %pushi/vec4 0, 0, 1;
    %assign/vec4 v0x561fe7d40850_0, 0;
T_5.5 ;
T_5.2 ;
    %load/vec4 v0x561fe7d40d30_0;
    %pad/u 32;
    %pushi/vec4 1, 0, 32;
    %cmp/e;
    %flag_get/vec4 4;
    %load/vec4 v0x561fe7d40990_0;
    %pad/u 32;
    %pushi/vec4 1, 0, 32;
    %cmp/e;
    %flag_get/vec4 4;
    %inv;
    %and;
    %flag_set/vec4 8;
    %jmp/0xz  T_5.6, 8;
    %load/vec4 v0x561fe7d40590_0;
    %load/vec4 v0x561fe7d40e00_0;
    %pad/u 6;
    %ix/vec4 3;
    %ix/load 4, 0, 0; Constant delay
    %assign/vec4/a/d v0x561fe7d40710, 0, 4;
    %load/vec4 v0x561fe7d40e00_0;
    %addi 1, 0, 4;
    %assign/vec4 v0x561fe7d40e00_0, 0;
    %pushi/vec4 0, 0, 1;
    %assign/vec4 v0x561fe7d40850_0, 0;
    %load/vec4 v0x561fe7d40af0_0;
    %load/vec4 v0x561fe7d40c70_0;
    %cmp/e;
    %jmp/0xz  T_5.8, 4;
    %pushi/vec4 1, 0, 1;
    %assign/vec4 v0x561fe7d40990_0, 0;
    %jmp T_5.9;
T_5.8 ;
    %pushi/vec4 0, 0, 1;
    %assign/vec4 v0x561fe7d40990_0, 0;
T_5.9 ;
T_5.6 ;
T_5.1 ;
    %jmp T_5;
    .thread T_5;
# The file index is used to find the file name in the following table.
:file_names 4;
    "N/A";
    "<interactive>";
    "simfifo2.v";
    "fifo.v";
