#! /usr/bin/vvp
:ivl_version "10.3 (stable)";
:ivl_delay_selection "TYPICAL";
:vpi_time_precision + 0;
:vpi_module "system";
:vpi_module "vhdl_sys";
:vpi_module "v2005_math";
:vpi_module "va_math";
S_0x564aeb12a4e0 .scope module, "alutest" "alutest" 2 1;
 .timescale 0 0;
v0x564aeb140160_0 .var "A", 7 0;
v0x564aeb140240_0 .var "B", 7 0;
v0x564aeb140310_0 .var "CTR", 3 0;
v0x564aeb140410_0 .net "O0", 7 0, L_0x564aeb116f30;  1 drivers
v0x564aeb1404e0_0 .var "ck", 0 0;
E_0x564aeb1263e0 .event negedge, v0x564aeb13ff20_0;
S_0x564aeb12a660 .scope module, "ALU" "alu" 2 15, 3 1 0, S_0x564aeb12a4e0;
 .timescale 0 0;
    .port_info 0 /INPUT 8 "A"
    .port_info 1 /INPUT 8 "B"
    .port_info 2 /OUTPUT 8 "out"
    .port_info 3 /INPUT 4 "CTR"
    .port_info 4 /INPUT 1 "ck"
L_0x564aeb116f30 .functor BUFZ 8, v0x564aeb13fe40_0, C4<00000000>, C4<00000000>, C4<00000000>;
v0x564aeb0f00d0_0 .net "A", 7 0, v0x564aeb140160_0;  1 drivers
v0x564aeb13f9b0_0 .net "B", 7 0, v0x564aeb140240_0;  1 drivers
v0x564aeb13fa90_0 .var "C", 3 0;
v0x564aeb13fb50_0 .net "CTR", 3 0, v0x564aeb140310_0;  1 drivers
v0x564aeb13fc30_0 .var "INA", 7 0;
v0x564aeb13fd60_0 .var "INB", 7 0;
v0x564aeb13fe40_0 .var "O", 7 0;
v0x564aeb13ff20_0 .net "ck", 0 0, v0x564aeb1404e0_0;  1 drivers
v0x564aeb13ffe0_0 .net "out", 7 0, L_0x564aeb116f30;  alias, 1 drivers
E_0x564aeb1269c0 .event posedge, v0x564aeb13ff20_0;
    .scope S_0x564aeb12a660;
T_0 ;
    %wait E_0x564aeb1269c0;
    %load/vec4 v0x564aeb13fa90_0;
    %dup/vec4;
    %pushi/vec4 0, 0, 4;
    %cmp/u;
    %jmp/1 T_0.0, 6;
    %dup/vec4;
    %pushi/vec4 1, 0, 4;
    %cmp/u;
    %jmp/1 T_0.1, 6;
    %dup/vec4;
    %pushi/vec4 8, 0, 4;
    %cmp/u;
    %jmp/1 T_0.2, 6;
    %dup/vec4;
    %pushi/vec4 9, 0, 4;
    %cmp/u;
    %jmp/1 T_0.3, 6;
    %dup/vec4;
    %pushi/vec4 10, 0, 4;
    %cmp/u;
    %jmp/1 T_0.4, 6;
    %dup/vec4;
    %pushi/vec4 11, 0, 4;
    %cmp/u;
    %jmp/1 T_0.5, 6;
    %dup/vec4;
    %pushi/vec4 12, 0, 4;
    %cmp/u;
    %jmp/1 T_0.6, 6;
    %dup/vec4;
    %pushi/vec4 13, 0, 4;
    %cmp/u;
    %jmp/1 T_0.7, 6;
    %dup/vec4;
    %pushi/vec4 14, 0, 4;
    %cmp/u;
    %jmp/1 T_0.8, 6;
    %dup/vec4;
    %pushi/vec4 15, 0, 4;
    %cmp/u;
    %jmp/1 T_0.9, 6;
    %pushi/vec4 0, 0, 8;
    %assign/vec4 v0x564aeb13fe40_0, 0;
    %jmp T_0.11;
T_0.0 ;
    %load/vec4 v0x564aeb13fc30_0;
    %load/vec4 v0x564aeb13fd60_0;
    %add;
    %assign/vec4 v0x564aeb13fe40_0, 0;
    %jmp T_0.11;
T_0.1 ;
    %load/vec4 v0x564aeb13fc30_0;
    %load/vec4 v0x564aeb13fd60_0;
    %sub;
    %assign/vec4 v0x564aeb13fe40_0, 0;
    %jmp T_0.11;
T_0.2 ;
    %load/vec4 v0x564aeb13fc30_0;
    %load/vec4 v0x564aeb13fd60_0;
    %and;
    %assign/vec4 v0x564aeb13fe40_0, 0;
    %jmp T_0.11;
T_0.3 ;
    %load/vec4 v0x564aeb13fc30_0;
    %load/vec4 v0x564aeb13fd60_0;
    %or;
    %assign/vec4 v0x564aeb13fe40_0, 0;
    %jmp T_0.11;
T_0.4 ;
    %load/vec4 v0x564aeb13fc30_0;
    %load/vec4 v0x564aeb13fd60_0;
    %xor;
    %assign/vec4 v0x564aeb13fe40_0, 0;
    %jmp T_0.11;
T_0.5 ;
    %load/vec4 v0x564aeb13fc30_0;
    %inv;
    %assign/vec4 v0x564aeb13fe40_0, 0;
    %jmp T_0.11;
T_0.6 ;
    %pushi/vec4 0, 0, 1;
    %load/vec4 v0x564aeb13fc30_0;
    %parti/s 7, 1, 2;
    %concat/vec4; draw_concat_vec4
    %assign/vec4 v0x564aeb13fe40_0, 0;
    %jmp T_0.11;
T_0.7 ;
    %load/vec4 v0x564aeb13fc30_0;
    %parti/s 7, 0, 2;
    %concati/vec4 0, 0, 1;
    %assign/vec4 v0x564aeb13fe40_0, 0;
    %jmp T_0.11;
T_0.8 ;
    %load/vec4 v0x564aeb13fc30_0;
    %parti/s 1, 0, 2;
    %load/vec4 v0x564aeb13fc30_0;
    %parti/s 7, 1, 2;
    %concat/vec4; draw_concat_vec4
    %assign/vec4 v0x564aeb13fe40_0, 0;
    %jmp T_0.11;
T_0.9 ;
    %load/vec4 v0x564aeb13fc30_0;
    %parti/s 7, 0, 2;
    %load/vec4 v0x564aeb13fc30_0;
    %parti/s 1, 7, 4;
    %concat/vec4; draw_concat_vec4
    %assign/vec4 v0x564aeb13fe40_0, 0;
    %jmp T_0.11;
T_0.11 ;
    %pop/vec4 1;
    %load/vec4 v0x564aeb0f00d0_0;
    %assign/vec4 v0x564aeb13fc30_0, 0;
    %load/vec4 v0x564aeb13f9b0_0;
    %assign/vec4 v0x564aeb13fd60_0, 0;
    %load/vec4 v0x564aeb13fb50_0;
    %assign/vec4 v0x564aeb13fa90_0, 0;
    %jmp T_0;
    .thread T_0;
    .scope S_0x564aeb12a4e0;
T_1 ;
    %pushi/vec4 0, 0, 1;
    %store/vec4 v0x564aeb1404e0_0, 0, 1;
    %vpi_call 2 8 "$dumpfile", "alu.vcd" {0 0 0};
    %vpi_call 2 9 "$dumpvars" {0 0 0};
    %vpi_call 2 10 "$monitor", "%t\011A=%b, B=%b, CTR=%b, OUT=%b", $time, v0x564aeb140160_0, v0x564aeb140240_0, v0x564aeb140310_0, v0x564aeb140410_0 {0 0 0};
    %delay 1000, 0;
    %vpi_call 2 12 "$display", "OK\012" {0 0 0};
    %vpi_call 2 13 "$finish" {0 0 0};
    %end;
    .thread T_1;
    .scope S_0x564aeb12a4e0;
T_2 ;
    %delay 10, 0;
    %load/vec4 v0x564aeb1404e0_0;
    %inv;
    %store/vec4 v0x564aeb1404e0_0, 0, 1;
    %jmp T_2;
    .thread T_2;
    .scope S_0x564aeb12a4e0;
T_3 ;
    %wait E_0x564aeb1263e0;
    %vpi_func 2 18 "$random" 32 {0 0 0};
    %pad/s 8;
    %store/vec4 v0x564aeb140160_0, 0, 8;
    %vpi_func 2 19 "$random" 32 {0 0 0};
    %pad/s 8;
    %store/vec4 v0x564aeb140240_0, 0, 8;
    %vpi_func 2 20 "$random" 32 {0 0 0};
    %pad/s 4;
    %store/vec4 v0x564aeb140310_0, 0, 4;
    %jmp T_3;
    .thread T_3;
# The file index is used to find the file name in the following table.
:file_names 4;
    "N/A";
    "<interactive>";
    "alutest2.v";
    "alu.v";
